[Wed 07/08/2026  8:45:17.21] detached chain start 
skip existing out\diffusion\demo\data\wilson_L16_beta1.pt
skip existing out\diffusion\demo\data\wilson_L16_beta2.pt
skip existing out\diffusion\demo\data\wilson_L16_beta4.pt
skip existing out\diffusion\demo\data\wilson_L16_beta8.pt
skip existing out\diffusion\demo\data\wilson_L16_beta14.1464.pt
skip existing out\diffusion\demo\data\wilson_L16_beta55.0237.pt
STAGE_DATA_DONE 
rung L16_beta1: 404 train / 44 val configs
rung L16_beta2: 404 train / 44 val configs
rung L16_beta4: 404 train / 44 val configs
rung L16_beta8: 404 train / 44 val configs
rung L16_beta14.1464: 404 train / 44 val configs
rung L16_beta55.0237: 404 train / 44 val configs
epoch   0  train=0.6832  val_L16_beta1=0.8066 val_L16_beta2=0.6687 val_L16_beta4=0.6908 val_L16_beta8=0.6519 val_L16_beta14.1464=0.6419 val_L16_beta55.0237=0.5172 val_total=3.9771
epoch   1  train=0.6372  val_L16_beta1=0.7799 val_L16_beta2=0.6458 val_L16_beta4=0.6794 val_L16_beta8=0.6372 val_L16_beta14.1464=0.6131 val_L16_beta55.0237=0.4874 val_total=3.8428
epoch   2  train=0.6215  val_L16_beta1=0.7785 val_L16_beta2=0.6511 val_L16_beta4=0.6944 val_L16_beta8=0.6446 val_L16_beta14.1464=0.6073 val_L16_beta55.0237=0.5089 val_total=3.8850
epoch   3  train=0.6187  val_L16_beta1=0.7807 val_L16_beta2=0.6519 val_L16_beta4=0.6827 val_L16_beta8=0.6312 val_L16_beta14.1464=0.6168 val_L16_beta55.0237=0.5002 val_total=3.8635
epoch   4  train=0.6131  val_L16_beta1=0.7753 val_L16_beta2=0.6357 val_L16_beta4=0.6698 val_L16_beta8=0.6357 val_L16_beta14.1464=0.6202 val_L16_beta55.0237=0.5054 val_total=3.8421
epoch   5  train=0.6278  val_L16_beta1=0.7777 val_L16_beta2=0.6179 val_L16_beta4=0.6562 val_L16_beta8=0.6373 val_L16_beta14.1464=0.6134 val_L16_beta55.0237=0.4975 val_total=3.8000
epoch   6  train=0.6102  val_L16_beta1=0.7723 val_L16_beta2=0.6307 val_L16_beta4=0.6471 val_L16_beta8=0.6180 val_L16_beta14.1464=0.5946 val_L16_beta55.0237=0.4921 val_total=3.7549
epoch   7  train=0.6086  val_L16_beta1=0.7753 val_L16_beta2=0.6205 val_L16_beta4=0.6371 val_L16_beta8=0.6189 val_L16_beta14.1464=0.5922 val_L16_beta55.0237=0.4968 val_total=3.7407
epoch   8  train=0.6054  val_L16_beta1=0.7669 val_L16_beta2=0.6301 val_L16_beta4=0.6476 val_L16_beta8=0.6127 val_L16_beta14.1464=0.5763 val_L16_beta55.0237=0.4916 val_total=3.7253
epoch   9  train=0.8047  val_L16_beta1=0.7700 val_L16_beta2=0.6261 val_L16_beta4=0.6595 val_L16_beta8=0.6524 val_L16_beta14.1464=0.6959 val_L16_beta55.0237=2.4288 val_total=5.8326
epoch  10  train=0.6372  val_L16_beta1=0.7639 val_L16_beta2=0.6156 val_L16_beta4=0.6319 val_L16_beta8=0.6146 val_L16_beta14.1464=0.5777 val_L16_beta55.0237=0.5088 val_total=3.7125
epoch  11  train=0.5914  val_L16_beta1=0.7611 val_L16_beta2=0.6112 val_L16_beta4=0.6552 val_L16_beta8=0.5946 val_L16_beta14.1464=0.5777 val_L16_beta55.0237=0.4886 val_total=3.6885
epoch  12  train=0.6027  val_L16_beta1=0.7698 val_L16_beta2=0.6106 val_L16_beta4=0.6388 val_L16_beta8=0.6070 val_L16_beta14.1464=0.5756 val_L16_beta55.0237=0.4851 val_total=3.6869
epoch  13  train=0.5954  val_L16_beta1=0.7636 val_L16_beta2=0.6197 val_L16_beta4=0.6369 val_L16_beta8=0.6040 val_L16_beta14.1464=0.5804 val_L16_beta55.0237=0.4828 val_total=3.6874
epoch  14  train=0.6013  val_L16_beta1=0.7549 val_L16_beta2=0.6072 val_L16_beta4=0.6288 val_L16_beta8=0.6043 val_L16_beta14.1464=0.5806 val_L16_beta55.0237=0.4952 val_total=3.6711
epoch  15  train=0.5999  val_L16_beta1=0.7616 val_L16_beta2=0.6088 val_L16_beta4=0.6245 val_L16_beta8=0.5979 val_L16_beta14.1464=0.5663 val_L16_beta55.0237=0.4903 val_total=3.6493
epoch  16  train=0.6542  val_L16_beta1=0.7469 val_L16_beta2=0.6031 val_L16_beta4=0.6376 val_L16_beta8=0.6165 val_L16_beta14.1464=0.5784 val_L16_beta55.0237=0.5725 val_total=3.7549
epoch  17  train=0.6290  val_L16_beta1=0.7492 val_L16_beta2=0.6118 val_L16_beta4=0.6414 val_L16_beta8=0.6018 val_L16_beta14.1464=0.6007 val_L16_beta55.0237=0.5660 val_total=3.7710
epoch  18  train=0.5959  val_L16_beta1=0.7462 val_L16_beta2=0.6071 val_L16_beta4=0.6348 val_L16_beta8=0.6078 val_L16_beta14.1464=0.5948 val_L16_beta55.0237=0.4924 val_total=3.6831
epoch  19  train=0.5825  val_L16_beta1=0.7526 val_L16_beta2=0.6085 val_L16_beta4=0.6264 val_L16_beta8=0.5997 val_L16_beta14.1464=0.5765 val_L16_beta55.0237=0.4795 val_total=3.6432
epoch  20  train=0.5938  val_L16_beta1=0.7360 val_L16_beta2=0.5899 val_L16_beta4=0.6324 val_L16_beta8=0.5879 val_L16_beta14.1464=0.5796 val_L16_beta55.0237=0.4859 val_total=3.6116
epoch  21  train=0.5957  val_L16_beta1=0.7489 val_L16_beta2=0.6040 val_L16_beta4=0.6170 val_L16_beta8=0.6048 val_L16_beta14.1464=0.5667 val_L16_beta55.0237=0.4935 val_total=3.6349
epoch  22  train=0.5934  val_L16_beta1=0.7450 val_L16_beta2=0.5949 val_L16_beta4=0.6368 val_L16_beta8=0.6075 val_L16_beta14.1464=0.5770 val_L16_beta55.0237=0.4820 val_total=3.6431
epoch  23  train=0.5893  val_L16_beta1=0.7390 val_L16_beta2=0.6044 val_L16_beta4=0.6299 val_L16_beta8=0.5909 val_L16_beta14.1464=0.5673 val_L16_beta55.0237=0.4901 val_total=3.6216
epoch  24  train=0.6028  val_L16_beta1=0.7551 val_L16_beta2=0.5998 val_L16_beta4=0.6147 val_L16_beta8=0.6048 val_L16_beta14.1464=0.5881 val_L16_beta55.0237=0.4818 val_total=3.6444
epoch  25  train=0.5989  val_L16_beta1=0.7365 val_L16_beta2=0.6018 val_L16_beta4=0.6392 val_L16_beta8=0.6068 val_L16_beta14.1464=0.5807 val_L16_beta55.0237=0.4709 val_total=3.6359
epoch  26  train=0.5909  val_L16_beta1=0.7382 val_L16_beta2=0.5921 val_L16_beta4=0.6253 val_L16_beta8=0.6054 val_L16_beta14.1464=0.5713 val_L16_beta55.0237=0.4838 val_total=3.6161
epoch  27  train=0.5908  val_L16_beta1=0.7482 val_L16_beta2=0.5954 val_L16_beta4=0.6285 val_L16_beta8=0.6033 val_L16_beta14.1464=0.5783 val_L16_beta55.0237=0.4832 val_total=3.6370
epoch  28  train=0.5878  val_L16_beta1=0.7297 val_L16_beta2=0.6046 val_L16_beta4=0.6186 val_L16_beta8=0.6017 val_L16_beta14.1464=0.5821 val_L16_beta55.0237=0.4779 val_total=3.6148
epoch  29  train=0.5930  val_L16_beta1=0.7469 val_L16_beta2=0.6013 val_L16_beta4=0.6360 val_L16_beta8=0.6007 val_L16_beta14.1464=0.5796 val_L16_beta55.0237=0.4969 val_total=3.6613
epoch  30  train=0.5926  val_L16_beta1=0.7324 val_L16_beta2=0.6132 val_L16_beta4=0.6199 val_L16_beta8=0.5802 val_L16_beta14.1464=0.5850 val_L16_beta55.0237=0.4826 val_total=3.6132
epoch  31  train=0.5807  val_L16_beta1=0.7450 val_L16_beta2=0.6015 val_L16_beta4=0.6253 val_L16_beta8=0.5873 val_L16_beta14.1464=0.5798 val_L16_beta55.0237=0.4884 val_total=3.6274
epoch  32  train=0.5860  val_L16_beta1=0.7354 val_L16_beta2=0.6083 val_L16_beta4=0.6244 val_L16_beta8=0.5903 val_L16_beta14.1464=0.5840 val_L16_beta55.0237=0.4884 val_total=3.6307
epoch  33  train=0.5887  val_L16_beta1=0.7344 val_L16_beta2=0.6009 val_L16_beta4=0.6262 val_L16_beta8=0.5854 val_L16_beta14.1464=0.5772 val_L16_beta55.0237=0.4818 val_total=3.6058
epoch  34  train=0.5939  val_L16_beta1=0.7367 val_L16_beta2=0.6132 val_L16_beta4=0.6381 val_L16_beta8=0.5997 val_L16_beta14.1464=0.5751 val_L16_beta55.0237=0.4921 val_total=3.6550
epoch  35  train=0.5823  val_L16_beta1=0.7386 val_L16_beta2=0.5950 val_L16_beta4=0.6267 val_L16_beta8=0.5883 val_L16_beta14.1464=0.5737 val_L16_beta55.0237=0.4861 val_total=3.6083
epoch  36  train=0.5927  val_L16_beta1=0.7312 val_L16_beta2=0.6016 val_L16_beta4=0.6145 val_L16_beta8=0.5910 val_L16_beta14.1464=0.5789 val_L16_beta55.0237=0.4901 val_total=3.6072
epoch  37  train=0.5913  val_L16_beta1=0.7352 val_L16_beta2=0.5966 val_L16_beta4=0.6150 val_L16_beta8=0.5946 val_L16_beta14.1464=0.5805 val_L16_beta55.0237=0.4897 val_total=3.6116
epoch  38  train=0.5911  val_L16_beta1=0.7384 val_L16_beta2=0.5955 val_L16_beta4=0.6138 val_L16_beta8=0.5977 val_L16_beta14.1464=0.5814 val_L16_beta55.0237=0.4769 val_total=3.6037
epoch  39  train=0.5919  val_L16_beta1=0.7297 val_L16_beta2=0.6003 val_L16_beta4=0.6099 val_L16_beta8=0.6093 val_L16_beta14.1464=0.5830 val_L16_beta55.0237=0.4894 val_total=3.6215
epoch  40  train=0.5899  val_L16_beta1=0.7275 val_L16_beta2=0.6036 val_L16_beta4=0.6148 val_L16_beta8=0.6026 val_L16_beta14.1464=0.5801 val_L16_beta55.0237=0.4793 val_total=3.6079
epoch  41  train=0.5838  val_L16_beta1=0.7307 val_L16_beta2=0.5921 val_L16_beta4=0.6287 val_L16_beta8=0.5947 val_L16_beta14.1464=0.5857 val_L16_beta55.0237=0.4901 val_total=3.6220
epoch  42  train=0.5860  val_L16_beta1=0.7236 val_L16_beta2=0.5925 val_L16_beta4=0.6235 val_L16_beta8=0.5991 val_L16_beta14.1464=0.5754 val_L16_beta55.0237=0.4889 val_total=3.6030
epoch  43  train=0.5879  val_L16_beta1=0.7445 val_L16_beta2=0.6012 val_L16_beta4=0.6200 val_L16_beta8=0.5945 val_L16_beta14.1464=0.5771 val_L16_beta55.0237=0.4976 val_total=3.6349
epoch  44  train=0.5842  val_L16_beta1=0.7380 val_L16_beta2=0.6103 val_L16_beta4=0.6240 val_L16_beta8=0.5901 val_L16_beta14.1464=0.5885 val_L16_beta55.0237=0.4849 val_total=3.6357
epoch  45  train=0.5876  val_L16_beta1=0.7446 val_L16_beta2=0.5997 val_L16_beta4=0.6139 val_L16_beta8=0.5942 val_L16_beta14.1464=0.5883 val_L16_beta55.0237=0.4924 val_total=3.6331
epoch  46  train=0.6056  val_L16_beta1=0.7277 val_L16_beta2=0.6031 val_L16_beta4=0.6228 val_L16_beta8=0.5951 val_L16_beta14.1464=0.5762 val_L16_beta55.0237=0.4891 val_total=3.6139
epoch  47  train=0.5761  val_L16_beta1=0.7303 val_L16_beta2=0.5984 val_L16_beta4=0.6138 val_L16_beta8=0.5879 val_L16_beta14.1464=0.5843 val_L16_beta55.0237=0.4940 val_total=3.6085
epoch  48  train=0.5800  val_L16_beta1=0.7452 val_L16_beta2=0.6090 val_L16_beta4=0.6182 val_L16_beta8=0.5902 val_L16_beta14.1464=0.5708 val_L16_beta55.0237=0.4801 val_total=3.6136
epoch  49  train=0.5758  val_L16_beta1=0.7353 val_L16_beta2=0.5966 val_L16_beta4=0.6276 val_L16_beta8=0.6119 val_L16_beta14.1464=0.5727 val_L16_beta55.0237=0.4890 val_total=3.6330
epoch  50  train=0.5786  val_L16_beta1=0.7374 val_L16_beta2=0.5981 val_L16_beta4=0.6158 val_L16_beta8=0.5920 val_L16_beta14.1464=0.5647 val_L16_beta55.0237=0.4831 val_total=3.5911
epoch  51  train=0.5807  val_L16_beta1=0.7357 val_L16_beta2=0.6062 val_L16_beta4=0.6158 val_L16_beta8=0.6071 val_L16_beta14.1464=0.5825 val_L16_beta55.0237=0.4802 val_total=3.6274
epoch  52  train=0.5826  val_L16_beta1=0.7274 val_L16_beta2=0.6026 val_L16_beta4=0.6206 val_L16_beta8=0.6057 val_L16_beta14.1464=0.5667 val_L16_beta55.0237=0.4778 val_total=3.6007
epoch  53  train=0.5968  val_L16_beta1=0.7329 val_L16_beta2=0.5931 val_L16_beta4=0.6200 val_L16_beta8=0.5978 val_L16_beta14.1464=0.5719 val_L16_beta55.0237=0.4907 val_total=3.6063
epoch  54  train=0.5811  val_L16_beta1=0.7217 val_L16_beta2=0.5959 val_L16_beta4=0.6386 val_L16_beta8=0.6087 val_L16_beta14.1464=0.5844 val_L16_beta55.0237=0.4942 val_total=3.6436
epoch  55  train=0.5629  val_L16_beta1=0.7298 val_L16_beta2=0.5891 val_L16_beta4=0.6205 val_L16_beta8=0.6024 val_L16_beta14.1464=0.5835 val_L16_beta55.0237=0.4920 val_total=3.6174
epoch  56  train=0.5825  val_L16_beta1=0.7221 val_L16_beta2=0.5939 val_L16_beta4=0.6345 val_L16_beta8=0.6103 val_L16_beta14.1464=0.5504 val_L16_beta55.0237=0.4679 val_total=3.5791
epoch  57  train=0.5896  val_L16_beta1=0.7332 val_L16_beta2=0.5976 val_L16_beta4=0.6158 val_L16_beta8=0.6032 val_L16_beta14.1464=0.5647 val_L16_beta55.0237=0.4955 val_total=3.6099
epoch  58  train=0.5821  val_L16_beta1=0.7292 val_L16_beta2=0.6046 val_L16_beta4=0.6120 val_L16_beta8=0.6019 val_L16_beta14.1464=0.5808 val_L16_beta55.0237=0.4807 val_total=3.6092
epoch  59  train=0.5840  val_L16_beta1=0.7203 val_L16_beta2=0.5981 val_L16_beta4=0.6313 val_L16_beta8=0.6003 val_L16_beta14.1464=0.5720 val_L16_beta55.0237=0.4904 val_total=3.6124
epoch  60  train=0.5805  val_L16_beta1=0.7419 val_L16_beta2=0.6032 val_L16_beta4=0.6189 val_L16_beta8=0.6009 val_L16_beta14.1464=0.5721 val_L16_beta55.0237=0.4755 val_total=3.6124
epoch  61  train=0.5841  val_L16_beta1=0.7287 val_L16_beta2=0.5900 val_L16_beta4=0.6239 val_L16_beta8=0.5986 val_L16_beta14.1464=0.5828 val_L16_beta55.0237=0.4879 val_total=3.6118
epoch  62  train=0.5817  val_L16_beta1=0.7300 val_L16_beta2=0.5852 val_L16_beta4=0.6314 val_L16_beta8=0.5900 val_L16_beta14.1464=0.5737 val_L16_beta55.0237=0.4884 val_total=3.5988
epoch  63  train=0.5661  val_L16_beta1=0.7161 val_L16_beta2=0.5937 val_L16_beta4=0.6385 val_L16_beta8=0.5909 val_L16_beta14.1464=0.5848 val_L16_beta55.0237=0.4900 val_total=3.6140
epoch  64  train=0.5856  val_L16_beta1=0.7113 val_L16_beta2=0.6209 val_L16_beta4=0.6254 val_L16_beta8=0.6001 val_L16_beta14.1464=0.5775 val_L16_beta55.0237=0.4953 val_total=3.6305
epoch  65  train=0.5897  val_L16_beta1=0.7383 val_L16_beta2=0.6041 val_L16_beta4=0.6223 val_L16_beta8=0.6024 val_L16_beta14.1464=0.5664 val_L16_beta55.0237=0.4826 val_total=3.6161
epoch  66  train=0.5851  val_L16_beta1=0.7155 val_L16_beta2=0.5916 val_L16_beta4=0.6329 val_L16_beta8=0.6059 val_L16_beta14.1464=0.5909 val_L16_beta55.0237=0.4818 val_total=3.6186
epoch  67  train=0.5959  val_L16_beta1=0.7389 val_L16_beta2=0.5952 val_L16_beta4=0.6268 val_L16_beta8=0.5929 val_L16_beta14.1464=0.5728 val_L16_beta55.0237=0.4863 val_total=3.6129
epoch  68  train=0.5914  val_L16_beta1=0.7206 val_L16_beta2=0.5742 val_L16_beta4=0.6234 val_L16_beta8=0.5950 val_L16_beta14.1464=0.5767 val_L16_beta55.0237=0.4896 val_total=3.5796
epoch  69  train=0.5828  val_L16_beta1=0.7487 val_L16_beta2=0.5840 val_L16_beta4=0.6279 val_L16_beta8=0.6012 val_L16_beta14.1464=0.5657 val_L16_beta55.0237=0.4870 val_total=3.6146
epoch  70  train=0.5823  val_L16_beta1=0.7202 val_L16_beta2=0.5910 val_L16_beta4=0.6183 val_L16_beta8=0.6039 val_L16_beta14.1464=0.5840 val_L16_beta55.0237=0.4728 val_total=3.5902
epoch  71  train=0.5854  val_L16_beta1=0.7208 val_L16_beta2=0.5881 val_L16_beta4=0.6233 val_L16_beta8=0.5937 val_L16_beta14.1464=0.5783 val_L16_beta55.0237=0.4808 val_total=3.5850
epoch  72  train=0.5763  val_L16_beta1=0.7260 val_L16_beta2=0.5930 val_L16_beta4=0.6160 val_L16_beta8=0.5909 val_L16_beta14.1464=0.5848 val_L16_beta55.0237=0.5033 val_total=3.6139
epoch  73  train=0.5748  val_L16_beta1=0.7338 val_L16_beta2=0.5957 val_L16_beta4=0.6160 val_L16_beta8=0.5895 val_L16_beta14.1464=0.5710 val_L16_beta55.0237=0.4872 val_total=3.5931
epoch  74  train=0.5891  val_L16_beta1=0.7216 val_L16_beta2=0.5784 val_L16_beta4=0.6260 val_L16_beta8=0.5991 val_L16_beta14.1464=0.5830 val_L16_beta55.0237=0.4755 val_total=3.5836
epoch  75  train=0.5845  val_L16_beta1=0.7348 val_L16_beta2=0.5779 val_L16_beta4=0.6152 val_L16_beta8=0.5944 val_L16_beta14.1464=0.5685 val_L16_beta55.0237=0.4843 val_total=3.5750
epoch  76  train=0.5896  val_L16_beta1=0.7315 val_L16_beta2=0.5809 val_L16_beta4=0.6137 val_L16_beta8=0.6020 val_L16_beta14.1464=0.5753 val_L16_beta55.0237=0.4819 val_total=3.5853
epoch  77  train=0.5853  val_L16_beta1=0.7248 val_L16_beta2=0.5912 val_L16_beta4=0.6206 val_L16_beta8=0.5964 val_L16_beta14.1464=0.5919 val_L16_beta55.0237=0.4820 val_total=3.6070
epoch  78  train=0.5841  val_L16_beta1=0.7297 val_L16_beta2=0.5882 val_L16_beta4=0.6209 val_L16_beta8=0.6029 val_L16_beta14.1464=0.5813 val_L16_beta55.0237=0.4946 val_total=3.6177
epoch  79  train=0.5691  val_L16_beta1=0.7219 val_L16_beta2=0.5820 val_L16_beta4=0.6199 val_L16_beta8=0.5952 val_L16_beta14.1464=0.5734 val_L16_beta55.0237=0.4775 val_total=3.5699
epoch  80  train=0.5671  val_L16_beta1=0.7312 val_L16_beta2=0.5872 val_L16_beta4=0.6146 val_L16_beta8=0.6001 val_L16_beta14.1464=0.5734 val_L16_beta55.0237=0.4938 val_total=3.6003
epoch  81  train=0.5888  val_L16_beta1=0.7167 val_L16_beta2=0.6009 val_L16_beta4=0.6346 val_L16_beta8=0.5975 val_L16_beta14.1464=0.5747 val_L16_beta55.0237=0.4883 val_total=3.6127
epoch  82  train=0.5883  val_L16_beta1=0.7304 val_L16_beta2=0.5998 val_L16_beta4=0.6191 val_L16_beta8=0.5939 val_L16_beta14.1464=0.5776 val_L16_beta55.0237=0.4708 val_total=3.5916
epoch  83  train=0.5785  val_L16_beta1=0.7264 val_L16_beta2=0.6061 val_L16_beta4=0.6071 val_L16_beta8=0.5902 val_L16_beta14.1464=0.5695 val_L16_beta55.0237=0.4833 val_total=3.5826
epoch  84  train=0.5780  val_L16_beta1=0.7369 val_L16_beta2=0.5873 val_L16_beta4=0.6271 val_L16_beta8=0.6102 val_L16_beta14.1464=0.5722 val_L16_beta55.0237=0.4803 val_total=3.6140
epoch  85  train=0.5657  val_L16_beta1=0.6999 val_L16_beta2=0.5967 val_L16_beta4=0.6153 val_L16_beta8=0.5904 val_L16_beta14.1464=0.5788 val_L16_beta55.0237=0.4824 val_total=3.5634
epoch  86  train=0.5863  val_L16_beta1=0.7289 val_L16_beta2=0.5928 val_L16_beta4=0.6314 val_L16_beta8=0.5974 val_L16_beta14.1464=0.5720 val_L16_beta55.0237=0.4740 val_total=3.5966
epoch  87  train=0.5829  val_L16_beta1=0.7149 val_L16_beta2=0.5883 val_L16_beta4=0.6307 val_L16_beta8=0.5903 val_L16_beta14.1464=0.5866 val_L16_beta55.0237=0.4797 val_total=3.5905
epoch  88  train=0.5828  val_L16_beta1=0.7211 val_L16_beta2=0.5904 val_L16_beta4=0.6171 val_L16_beta8=0.5961 val_L16_beta14.1464=0.5871 val_L16_beta55.0237=0.4940 val_total=3.6058
epoch  89  train=0.5800  val_L16_beta1=0.7295 val_L16_beta2=0.5864 val_L16_beta4=0.6138 val_L16_beta8=0.5978 val_L16_beta14.1464=0.5701 val_L16_beta55.0237=0.4833 val_total=3.5810
epoch  90  train=0.5911  val_L16_beta1=0.7267 val_L16_beta2=0.5872 val_L16_beta4=0.6170 val_L16_beta8=0.5972 val_L16_beta14.1464=0.5736 val_L16_beta55.0237=0.4849 val_total=3.5866
epoch  91  train=0.5861  val_L16_beta1=0.7241 val_L16_beta2=0.5871 val_L16_beta4=0.6254 val_L16_beta8=0.6013 val_L16_beta14.1464=0.5798 val_L16_beta55.0237=0.4818 val_total=3.5995
epoch  92  train=0.5796  val_L16_beta1=0.7331 val_L16_beta2=0.5990 val_L16_beta4=0.6139 val_L16_beta8=0.6037 val_L16_beta14.1464=0.5637 val_L16_beta55.0237=0.4782 val_total=3.5915
epoch  93  train=0.5881  val_L16_beta1=0.7139 val_L16_beta2=0.6004 val_L16_beta4=0.6265 val_L16_beta8=0.6013 val_L16_beta14.1464=0.5790 val_L16_beta55.0237=0.4844 val_total=3.6054
epoch  94  train=0.5737  val_L16_beta1=0.7294 val_L16_beta2=0.5881 val_L16_beta4=0.6194 val_L16_beta8=0.6059 val_L16_beta14.1464=0.5820 val_L16_beta55.0237=0.5005 val_total=3.6253
epoch  95  train=0.5802  val_L16_beta1=0.7141 val_L16_beta2=0.5983 val_L16_beta4=0.6217 val_L16_beta8=0.5928 val_L16_beta14.1464=0.5863 val_L16_beta55.0237=0.4867 val_total=3.5999
epoch  96  train=0.5834  val_L16_beta1=0.7153 val_L16_beta2=0.5802 val_L16_beta4=0.6279 val_L16_beta8=0.5914 val_L16_beta14.1464=0.5709 val_L16_beta55.0237=0.4896 val_total=3.5754
epoch  97  train=0.5727  val_L16_beta1=0.7252 val_L16_beta2=0.5872 val_L16_beta4=0.6192 val_L16_beta8=0.5912 val_L16_beta14.1464=0.5856 val_L16_beta55.0237=0.4803 val_total=3.5887
epoch  98  train=0.5794  val_L16_beta1=0.7217 val_L16_beta2=0.5950 val_L16_beta4=0.6326 val_L16_beta8=0.6070 val_L16_beta14.1464=0.5601 val_L16_beta55.0237=0.4844 val_total=3.6009
epoch  99  train=0.5947  val_L16_beta1=0.7161 val_L16_beta2=0.5852 val_L16_beta4=0.6118 val_L16_beta8=0.5940 val_L16_beta14.1464=0.5726 val_L16_beta55.0237=0.4837 val_total=3.5634
checkpoint: out/diffusion/demo/checkpoints/score_net.pt
history:    out/diffusion/demo/checkpoints/history.json
STAGE_TRAIN_DONE 
2 cases, output -> out\diffusion\demo\generalization_retrained
[1/2] A_bc2: base L=16 beta=2 -> L=32 beta=6.10518 (matched pair 2 -> 6.1052)
    generated 128 configs L=32 beta=6.10518 in 196s
    case done in 210s
[2/2] A_bc4: base L=16 beta=4 -> L=32 beta=14.1464 (matched pair 4 -> 14.1464)
    generated 128 configs L=32 beta=14.1464 in 313s
    case done in 327s
c:\Users\ompan\OneDrive\Desktop\Lattice QCD Research\dev\InverseRG\diffusion\scripts\06_generalization_study.py:304: UserWarning: No artists with labels found to put in legend.  Note that artists whose label start with an underscore are ignored when legend() is called with no argument.
  axes[0].legend(fontsize=8, frameon=False)
summary: out\diffusion\demo\generalization_retrained\summary.json
tables:  out\diffusion\demo\generalization_retrained\summary_tables.md
CHAIN_DONE
