[Wed 07/15/2026 19:29:22.73] STAGE_DATA 
generating out\diffusion\demo_v3\data\wilson_L8_beta1.pt ...
  L=8 beta=1.0: 448 configs, acceptance 0.991, hot start, burn-in 200, 3s
  matched coarse beta: 0.0821 (tree level 0.25)
generating out\diffusion\demo_v3\data\wilson_L8_beta2.pt ...
  L=8 beta=2.0: 448 configs, acceptance 0.992, hot start, burn-in 200, 2s
  matched coarse beta: 0.4747 (tree level 0.5)
skip existing out\diffusion\demo_v3\data\wilson_L16_beta1.pt
skip existing out\diffusion\demo_v3\data\wilson_L16_beta2.pt
skip existing out\diffusion\demo_v3\data\wilson_L16_beta4.pt
skip existing out\diffusion\demo_v3\data\wilson_L16_beta5.pt
skip existing out\diffusion\demo_v3\data\wilson_L16_beta6.5.pt
skip existing out\diffusion\demo_v3\data\wilson_L16_beta8.pt
skip existing out\diffusion\demo_v3\data\wilson_L16_beta14.1464.pt
skip existing out\diffusion\demo_v3\data\wilson_L16_beta55.0237.pt
generating out\diffusion\demo_v3\data\wilson_L32_beta2.pt ...
  L=32 beta=2.0: 448 configs, acceptance 0.964, hot start, burn-in 200, 5s
  matched coarse beta: 0.4842 (tree level 0.5)
generating out\diffusion\demo_v3\data\wilson_L32_beta4.pt ...
  L=32 beta=4.0: 448 configs, acceptance 0.963, hot start, burn-in 200, 6s
  matched coarse beta: 1.3427 (tree level 1)
generating out\diffusion\demo_v3\data\wilson_L32_beta6.5.pt ...
  L=32 beta=6.5: 448 configs, acceptance 0.977, cold start, burn-in 600, 13s
  matched coarse beta: 2.1128 (tree level 1.625)
generating out\diffusion\demo_v3\data\wilson_L32_beta14.1464.pt ...
  L=32 beta=14.1464: 448 configs, acceptance 0.983, cold start, burn-in 600, 21s
  matched coarse beta: 4.0149 (tree level 3.5366)
generating out\diffusion\demo_v3\data\wilson_L32_beta55.0237.pt ...
  L=32 beta=55.0237: 448 configs, acceptance 0.978, cold start, burn-in 2000, 137s
  matched coarse beta: 14.1634 (tree level 13.7559)
wrote out\diffusion\demo_v3\data\matching.json
[Wed 07/15/2026 19:32:32.14] STAGE_TRAIN 
rung L8_beta1: 404 train / 44 val configs
rung L8_beta2: 404 train / 44 val configs
rung L16_beta1: 404 train / 44 val configs
rung L16_beta2: 404 train / 44 val configs
rung L16_beta4: 404 train / 44 val configs
rung L16_beta5: 404 train / 44 val configs
rung L16_beta6.5: 404 train / 44 val configs
rung L16_beta8: 404 train / 44 val configs
rung L16_beta14.1464: 404 train / 44 val configs
rung L16_beta55.0237: 404 train / 44 val configs
rung L32_beta2: 404 train / 44 val configs
rung L32_beta4: 404 train / 44 val configs
rung L32_beta6.5: 404 train / 44 val configs
rung L32_beta14.1464: 404 train / 44 val configs
rung L32_beta55.0237: 404 train / 44 val configs
epoch   0  train=0.8036  val_L8_beta1=0.8201 val_L8_beta2=0.6942 val_L16_beta1=0.8804 val_L16_beta2=0.7915 val_L16_beta4=0.7458 val_L16_beta5=0.6865 val_L16_beta6.5=0.7147 val_L16_beta8=0.6166 val_L16_beta14.1464=0.6263 val_L16_beta55.0237=0.5711 val_L32_beta2=0.9094 val_L32_beta4=0.7371 val_L32_beta6.5=0.8644 val_L32_beta14.1464=0.7635 val_L32_beta55.0237=0.6625 val_total=11.0843
epoch   1  train=0.7328  val_L8_beta1=0.8157 val_L8_beta2=0.6688 val_L16_beta1=0.8491 val_L16_beta2=0.8244 val_L16_beta4=0.7233 val_L16_beta5=0.6656 val_L16_beta6.5=0.6813 val_L16_beta8=0.5770 val_L16_beta14.1464=0.6015 val_L16_beta55.0237=0.5211 val_L32_beta2=0.9336 val_L32_beta4=0.7387 val_L32_beta6.5=0.7686 val_L32_beta14.1464=0.7852 val_L32_beta55.0237=0.5886 val_total=10.7424
epoch   2  train=0.7104  val_L8_beta1=0.7939 val_L8_beta2=0.6620 val_L16_beta1=0.8836 val_L16_beta2=0.7536 val_L16_beta4=0.7221 val_L16_beta5=0.6692 val_L16_beta6.5=0.6827 val_L16_beta8=0.5732 val_L16_beta14.1464=0.6008 val_L16_beta55.0237=0.5239 val_L32_beta2=0.8999 val_L32_beta4=0.7734 val_L32_beta6.5=0.7421 val_L32_beta14.1464=0.6620 val_L32_beta55.0237=0.5140 val_total=10.4564
epoch   3  train=0.7053  val_L8_beta1=0.7889 val_L8_beta2=0.6920 val_L16_beta1=0.8342 val_L16_beta2=0.7630 val_L16_beta4=0.7441 val_L16_beta5=0.6738 val_L16_beta6.5=0.6828 val_L16_beta8=0.5843 val_L16_beta14.1464=0.5831 val_L16_beta55.0237=0.5314 val_L32_beta2=0.9794 val_L32_beta4=0.7926 val_L32_beta6.5=0.8771 val_L32_beta14.1464=0.7209 val_L32_beta55.0237=0.6136 val_total=10.8612
epoch   4  train=0.7280  val_L8_beta1=0.8117 val_L8_beta2=0.6994 val_L16_beta1=0.8246 val_L16_beta2=0.7813 val_L16_beta4=0.7257 val_L16_beta5=0.6460 val_L16_beta6.5=0.6576 val_L16_beta8=0.5774 val_L16_beta14.1464=0.5924 val_L16_beta55.0237=0.5239 val_L32_beta2=0.9300 val_L32_beta4=0.7131 val_L32_beta6.5=0.7183 val_L32_beta14.1464=0.6410 val_L32_beta55.0237=0.6168 val_total=10.4590
epoch   5  train=0.6911  val_L8_beta1=0.7866 val_L8_beta2=0.7078 val_L16_beta1=0.8471 val_L16_beta2=0.8225 val_L16_beta4=0.7210 val_L16_beta5=0.6501 val_L16_beta6.5=0.6676 val_L16_beta8=0.5754 val_L16_beta14.1464=0.6048 val_L16_beta55.0237=0.5350 val_L32_beta2=0.9047 val_L32_beta4=0.7325 val_L32_beta6.5=0.7535 val_L32_beta14.1464=0.6046 val_L32_beta55.0237=0.5251 val_total=10.4384
epoch   6  train=0.6765  val_L8_beta1=0.7800 val_L8_beta2=0.6781 val_L16_beta1=0.8817 val_L16_beta2=0.7781 val_L16_beta4=0.7140 val_L16_beta5=0.6599 val_L16_beta6.5=0.6603 val_L16_beta8=0.5590 val_L16_beta14.1464=0.5774 val_L16_beta55.0237=0.5255 val_L32_beta2=0.8123 val_L32_beta4=0.7507 val_L32_beta6.5=0.6819 val_L32_beta14.1464=0.6102 val_L32_beta55.0237=0.4961 val_total=10.1649
epoch   7  train=0.6848  val_L8_beta1=0.8187 val_L8_beta2=0.6654 val_L16_beta1=0.8345 val_L16_beta2=0.7639 val_L16_beta4=0.7124 val_L16_beta5=0.6465 val_L16_beta6.5=0.6713 val_L16_beta8=0.5539 val_L16_beta14.1464=0.5880 val_L16_beta55.0237=0.5349 val_L32_beta2=0.8795 val_L32_beta4=0.6913 val_L32_beta6.5=0.6943 val_L32_beta14.1464=0.5956 val_L32_beta55.0237=0.5400 val_total=10.1901
epoch   8  train=0.6784  val_L8_beta1=0.8187 val_L8_beta2=0.6597 val_L16_beta1=0.8544 val_L16_beta2=0.8060 val_L16_beta4=0.7203 val_L16_beta5=0.6475 val_L16_beta6.5=0.6482 val_L16_beta8=0.5915 val_L16_beta14.1464=0.5810 val_L16_beta55.0237=0.5159 val_L32_beta2=1.0834 val_L32_beta4=0.7662 val_L32_beta6.5=0.8208 val_L32_beta14.1464=0.6728 val_L32_beta55.0237=0.5712 val_total=10.7576
epoch   9  train=0.6830  val_L8_beta1=0.7817 val_L8_beta2=0.6536 val_L16_beta1=0.8330 val_L16_beta2=0.7678 val_L16_beta4=0.7191 val_L16_beta5=0.6425 val_L16_beta6.5=0.6604 val_L16_beta8=0.5523 val_L16_beta14.1464=0.5775 val_L16_beta55.0237=0.7799 val_L32_beta2=0.8598 val_L32_beta4=0.6959 val_L32_beta6.5=0.7189 val_L32_beta14.1464=0.5843 val_L32_beta55.0237=0.9723 val_total=10.7992
epoch  10  train=1.2445  val_L8_beta1=0.7881 val_L8_beta2=0.6379 val_L16_beta1=0.8496 val_L16_beta2=0.7593 val_L16_beta4=0.7001 val_L16_beta5=0.6404 val_L16_beta6.5=0.6592 val_L16_beta8=0.5702 val_L16_beta14.1464=0.5714 val_L16_beta55.0237=0.5551 val_L32_beta2=0.9057 val_L32_beta4=0.7046 val_L32_beta6.5=0.7079 val_L32_beta14.1464=0.6107 val_L32_beta55.0237=0.6359 val_total=10.2961
epoch  11  train=0.6861  val_L8_beta1=0.7893 val_L8_beta2=0.6669 val_L16_beta1=0.8449 val_L16_beta2=0.7730 val_L16_beta4=0.6971 val_L16_beta5=0.6435 val_L16_beta6.5=0.6433 val_L16_beta8=0.5774 val_L16_beta14.1464=0.5733 val_L16_beta55.0237=0.4955 val_L32_beta2=0.8503 val_L32_beta4=0.6663 val_L32_beta6.5=0.6925 val_L32_beta14.1464=0.6116 val_L32_beta55.0237=0.5024 val_total=10.0273
epoch  12  train=0.6717  val_L8_beta1=0.8067 val_L8_beta2=0.6829 val_L16_beta1=0.8528 val_L16_beta2=0.7567 val_L16_beta4=0.7201 val_L16_beta5=0.6474 val_L16_beta6.5=0.6368 val_L16_beta8=0.5615 val_L16_beta14.1464=0.5801 val_L16_beta55.0237=0.5086 val_L32_beta2=0.8619 val_L32_beta4=0.6830 val_L32_beta6.5=0.6861 val_L32_beta14.1464=0.5948 val_L32_beta55.0237=0.5322 val_total=10.1118
epoch  13  train=0.6830  val_L8_beta1=0.7611 val_L8_beta2=0.6691 val_L16_beta1=0.8517 val_L16_beta2=0.7463 val_L16_beta4=0.7036 val_L16_beta5=0.6409 val_L16_beta6.5=0.6570 val_L16_beta8=0.5614 val_L16_beta14.1464=0.5702 val_L16_beta55.0237=0.5058 val_L32_beta2=0.9195 val_L32_beta4=0.7177 val_L32_beta6.5=0.7058 val_L32_beta14.1464=0.6104 val_L32_beta55.0237=0.5064 val_total=10.1268
epoch  14  train=0.6661  val_L8_beta1=0.7891 val_L8_beta2=0.6500 val_L16_beta1=0.8354 val_L16_beta2=0.7600 val_L16_beta4=0.6999 val_L16_beta5=0.6445 val_L16_beta6.5=0.6419 val_L16_beta8=0.5566 val_L16_beta14.1464=0.5784 val_L16_beta55.0237=0.6248 val_L32_beta2=0.8891 val_L32_beta4=0.7014 val_L32_beta6.5=0.6973 val_L32_beta14.1464=0.6142 val_L32_beta55.0237=0.6961 val_total=10.3787
epoch  15  train=0.6795  val_L8_beta1=0.7973 val_L8_beta2=0.6471 val_L16_beta1=0.8621 val_L16_beta2=0.7649 val_L16_beta4=0.7035 val_L16_beta5=0.6224 val_L16_beta6.5=0.6482 val_L16_beta8=0.5604 val_L16_beta14.1464=0.5691 val_L16_beta55.0237=0.7908 val_L32_beta2=0.8526 val_L32_beta4=0.6524 val_L32_beta6.5=0.6746 val_L32_beta14.1464=0.5977 val_L32_beta55.0237=0.7615 val_total=10.5046
epoch  16  train=0.6788  val_L8_beta1=0.8138 val_L8_beta2=0.6779 val_L16_beta1=0.8543 val_L16_beta2=0.7795 val_L16_beta4=0.6859 val_L16_beta5=0.6291 val_L16_beta6.5=0.6367 val_L16_beta8=0.5527 val_L16_beta14.1464=0.5468 val_L16_beta55.0237=0.5159 val_L32_beta2=0.8852 val_L32_beta4=0.6874 val_L32_beta6.5=0.6712 val_L32_beta14.1464=0.5889 val_L32_beta55.0237=0.5099 val_total=10.0352
epoch  17  train=0.6519  val_L8_beta1=0.7890 val_L8_beta2=0.6600 val_L16_beta1=0.8310 val_L16_beta2=0.7394 val_L16_beta4=0.6805 val_L16_beta5=0.6089 val_L16_beta6.5=0.6118 val_L16_beta8=0.5279 val_L16_beta14.1464=0.5533 val_L16_beta55.0237=0.5108 val_L32_beta2=0.8161 val_L32_beta4=0.6363 val_L32_beta6.5=0.6633 val_L32_beta14.1464=0.5714 val_L32_beta55.0237=0.4956 val_total=9.6953
epoch  18  train=0.6486  val_L8_beta1=0.7976 val_L8_beta2=0.6336 val_L16_beta1=0.8552 val_L16_beta2=0.7628 val_L16_beta4=0.6611 val_L16_beta5=0.6049 val_L16_beta6.5=0.6224 val_L16_beta8=0.5541 val_L16_beta14.1464=0.5467 val_L16_beta55.0237=0.4843 val_L32_beta2=0.9315 val_L32_beta4=0.6593 val_L32_beta6.5=0.6532 val_L32_beta14.1464=0.5716 val_L32_beta55.0237=0.4851 val_total=9.8234
epoch  19  train=0.6466  val_L8_beta1=0.8119 val_L8_beta2=0.6686 val_L16_beta1=0.8676 val_L16_beta2=0.7519 val_L16_beta4=0.6613 val_L16_beta5=0.6026 val_L16_beta6.5=0.6136 val_L16_beta8=0.5391 val_L16_beta14.1464=0.5480 val_L16_beta55.0237=0.4816 val_L32_beta2=0.8170 val_L32_beta4=0.6379 val_L32_beta6.5=0.6420 val_L32_beta14.1464=0.5890 val_L32_beta55.0237=0.4957 val_total=9.7276
epoch  20  train=0.6496  val_L8_beta1=0.8172 val_L8_beta2=0.6627 val_L16_beta1=0.8228 val_L16_beta2=0.7343 val_L16_beta4=0.6702 val_L16_beta5=0.6039 val_L16_beta6.5=0.6197 val_L16_beta8=0.5382 val_L16_beta14.1464=0.5405 val_L16_beta55.0237=0.4960 val_L32_beta2=0.8918 val_L32_beta4=0.6517 val_L32_beta6.5=0.6512 val_L32_beta14.1464=0.5811 val_L32_beta55.0237=0.4924 val_total=9.7736
epoch  21  train=0.6429  val_L8_beta1=0.7850 val_L8_beta2=0.6529 val_L16_beta1=0.8483 val_L16_beta2=0.7469 val_L16_beta4=0.6736 val_L16_beta5=0.5988 val_L16_beta6.5=0.6112 val_L16_beta8=0.5273 val_L16_beta14.1464=0.5425 val_L16_beta55.0237=0.4837 val_L32_beta2=0.9240 val_L32_beta4=0.6878 val_L32_beta6.5=0.6415 val_L32_beta14.1464=0.5542 val_L32_beta55.0237=0.4692 val_total=9.7468
epoch  22  train=0.6371  val_L8_beta1=0.7652 val_L8_beta2=0.6519 val_L16_beta1=0.8540 val_L16_beta2=0.7290 val_L16_beta4=0.6675 val_L16_beta5=0.5991 val_L16_beta6.5=0.6107 val_L16_beta8=0.5363 val_L16_beta14.1464=0.5451 val_L16_beta55.0237=0.4983 val_L32_beta2=0.8394 val_L32_beta4=0.6816 val_L32_beta6.5=0.6374 val_L32_beta14.1464=0.5931 val_L32_beta55.0237=0.4995 val_total=9.7082
epoch  23  train=0.6557  val_L8_beta1=0.8091 val_L8_beta2=0.6365 val_L16_beta1=0.8394 val_L16_beta2=0.7368 val_L16_beta4=0.6592 val_L16_beta5=0.6015 val_L16_beta6.5=0.6145 val_L16_beta8=0.5356 val_L16_beta14.1464=0.5415 val_L16_beta55.0237=0.5147 val_L32_beta2=0.8184 val_L32_beta4=0.6585 val_L32_beta6.5=0.6486 val_L32_beta14.1464=0.5775 val_L32_beta55.0237=0.5677 val_total=9.7593
epoch  24  train=0.6386  val_L8_beta1=0.7656 val_L8_beta2=0.6436 val_L16_beta1=0.8203 val_L16_beta2=0.7369 val_L16_beta4=0.6573 val_L16_beta5=0.5959 val_L16_beta6.5=0.6207 val_L16_beta8=0.5282 val_L16_beta14.1464=0.5488 val_L16_beta55.0237=0.4879 val_L32_beta2=0.8479 val_L32_beta4=0.6576 val_L32_beta6.5=0.6316 val_L32_beta14.1464=0.5461 val_L32_beta55.0237=0.4680 val_total=9.5563
epoch  25  train=0.6364  val_L8_beta1=0.7706 val_L8_beta2=0.6368 val_L16_beta1=0.8246 val_L16_beta2=0.7262 val_L16_beta4=0.6589 val_L16_beta5=0.6051 val_L16_beta6.5=0.6042 val_L16_beta8=0.5385 val_L16_beta14.1464=0.5475 val_L16_beta55.0237=0.5071 val_L32_beta2=0.8614 val_L32_beta4=0.6406 val_L32_beta6.5=0.6357 val_L32_beta14.1464=0.5595 val_L32_beta55.0237=0.5121 val_total=9.6289
epoch  26  train=0.6351  val_L8_beta1=0.7868 val_L8_beta2=0.6491 val_L16_beta1=0.8050 val_L16_beta2=0.7594 val_L16_beta4=0.6684 val_L16_beta5=0.6075 val_L16_beta6.5=0.6034 val_L16_beta8=0.5279 val_L16_beta14.1464=0.5507 val_L16_beta55.0237=0.4822 val_L32_beta2=0.8458 val_L32_beta4=0.6921 val_L32_beta6.5=0.6719 val_L32_beta14.1464=0.5751 val_L32_beta55.0237=0.4958 val_total=9.7211
epoch  27  train=0.6460  val_L8_beta1=0.7872 val_L8_beta2=0.6384 val_L16_beta1=0.8294 val_L16_beta2=0.7323 val_L16_beta4=0.6393 val_L16_beta5=0.5919 val_L16_beta6.5=0.6114 val_L16_beta8=0.5157 val_L16_beta14.1464=0.5363 val_L16_beta55.0237=0.4843 val_L32_beta2=0.8441 val_L32_beta4=0.6389 val_L32_beta6.5=0.6590 val_L32_beta14.1464=0.5443 val_L32_beta55.0237=0.4596 val_total=9.5121
epoch  28  train=0.6481  val_L8_beta1=0.7532 val_L8_beta2=0.6165 val_L16_beta1=0.8244 val_L16_beta2=0.7296 val_L16_beta4=0.6588 val_L16_beta5=0.5939 val_L16_beta6.5=0.6255 val_L16_beta8=0.5244 val_L16_beta14.1464=0.5487 val_L16_beta55.0237=0.4740 val_L32_beta2=0.8131 val_L32_beta4=0.6312 val_L32_beta6.5=0.6396 val_L32_beta14.1464=0.5513 val_L32_beta55.0237=0.4766 val_total=9.4608
epoch  29  train=0.6524  val_L8_beta1=0.7746 val_L8_beta2=0.6299 val_L16_beta1=0.8397 val_L16_beta2=0.7304 val_L16_beta4=0.6747 val_L16_beta5=0.6110 val_L16_beta6.5=0.6239 val_L16_beta8=0.5537 val_L16_beta14.1464=0.6253 val_L16_beta55.0237=1.5903 val_L32_beta2=0.8733 val_L32_beta4=0.7093 val_L32_beta6.5=0.7030 val_L32_beta14.1464=0.6670 val_L32_beta55.0237=1.3074 val_total=11.9137
epoch  30  train=0.6402  val_L8_beta1=0.7978 val_L8_beta2=0.6215 val_L16_beta1=0.8251 val_L16_beta2=0.7341 val_L16_beta4=0.6621 val_L16_beta5=0.6026 val_L16_beta6.5=0.6163 val_L16_beta8=0.5296 val_L16_beta14.1464=0.5447 val_L16_beta55.0237=0.4942 val_L32_beta2=0.8268 val_L32_beta4=0.6372 val_L32_beta6.5=0.6417 val_L32_beta14.1464=0.5513 val_L32_beta55.0237=0.4957 val_total=9.5807
epoch  31  train=0.6340  val_L8_beta1=0.8009 val_L8_beta2=0.6365 val_L16_beta1=0.8280 val_L16_beta2=0.7149 val_L16_beta4=0.6532 val_L16_beta5=0.5824 val_L16_beta6.5=0.5891 val_L16_beta8=0.5284 val_L16_beta14.1464=0.5405 val_L16_beta55.0237=0.4843 val_L32_beta2=0.8180 val_L32_beta4=0.6426 val_L32_beta6.5=0.6313 val_L32_beta14.1464=0.5339 val_L32_beta55.0237=0.4892 val_total=9.4731
epoch  32  train=0.6316  val_L8_beta1=0.7832 val_L8_beta2=0.6388 val_L16_beta1=0.8112 val_L16_beta2=0.7084 val_L16_beta4=0.6541 val_L16_beta5=0.6045 val_L16_beta6.5=0.6144 val_L16_beta8=0.5217 val_L16_beta14.1464=0.5523 val_L16_beta55.0237=0.4905 val_L32_beta2=0.8147 val_L32_beta4=0.6089 val_L32_beta6.5=0.6390 val_L32_beta14.1464=0.5369 val_L32_beta55.0237=0.4748 val_total=9.4534
epoch  33  train=0.6300  val_L8_beta1=0.7714 val_L8_beta2=0.6634 val_L16_beta1=0.8614 val_L16_beta2=0.7315 val_L16_beta4=0.6515 val_L16_beta5=0.6026 val_L16_beta6.5=0.6074 val_L16_beta8=0.5360 val_L16_beta14.1464=0.5563 val_L16_beta55.0237=0.5476 val_L32_beta2=0.8499 val_L32_beta4=0.6639 val_L32_beta6.5=0.6361 val_L32_beta14.1464=0.5617 val_L32_beta55.0237=0.5600 val_total=9.8008
epoch  34  train=0.6347  val_L8_beta1=0.7946 val_L8_beta2=0.6267 val_L16_beta1=0.8346 val_L16_beta2=0.7290 val_L16_beta4=0.6560 val_L16_beta5=0.6010 val_L16_beta6.5=0.6106 val_L16_beta8=0.5324 val_L16_beta14.1464=0.5483 val_L16_beta55.0237=0.4997 val_L32_beta2=0.8447 val_L32_beta4=0.6285 val_L32_beta6.5=0.6416 val_L32_beta14.1464=0.5520 val_L32_beta55.0237=0.4724 val_total=9.5721
epoch  35  train=0.6306  val_L8_beta1=0.7804 val_L8_beta2=0.6609 val_L16_beta1=0.8201 val_L16_beta2=0.7063 val_L16_beta4=0.6695 val_L16_beta5=0.6053 val_L16_beta6.5=0.6165 val_L16_beta8=0.5310 val_L16_beta14.1464=0.5444 val_L16_beta55.0237=0.4859 val_L32_beta2=0.8239 val_L32_beta4=0.6418 val_L32_beta6.5=0.6297 val_L32_beta14.1464=0.5384 val_L32_beta55.0237=0.4742 val_total=9.5282
epoch  36  train=0.6315  val_L8_beta1=0.7919 val_L8_beta2=0.6569 val_L16_beta1=0.8133 val_L16_beta2=0.7334 val_L16_beta4=0.6613 val_L16_beta5=0.6090 val_L16_beta6.5=0.6221 val_L16_beta8=0.5248 val_L16_beta14.1464=0.5509 val_L16_beta55.0237=0.4963 val_L32_beta2=0.8528 val_L32_beta4=0.6403 val_L32_beta6.5=0.6457 val_L32_beta14.1464=0.5496 val_L32_beta55.0237=0.5097 val_total=9.6579
epoch  37  train=0.6277  val_L8_beta1=0.7442 val_L8_beta2=0.6217 val_L16_beta1=0.8198 val_L16_beta2=0.7256 val_L16_beta4=0.6507 val_L16_beta5=0.6027 val_L16_beta6.5=0.6015 val_L16_beta8=0.5202 val_L16_beta14.1464=0.5433 val_L16_beta55.0237=0.4858 val_L32_beta2=0.8112 val_L32_beta4=0.6528 val_L32_beta6.5=0.6376 val_L32_beta14.1464=0.5269 val_L32_beta55.0237=0.4946 val_total=9.4384
epoch  38  train=0.6254  val_L8_beta1=0.7815 val_L8_beta2=0.6473 val_L16_beta1=0.8357 val_L16_beta2=0.7011 val_L16_beta4=0.6567 val_L16_beta5=0.6099 val_L16_beta6.5=0.5997 val_L16_beta8=0.5256 val_L16_beta14.1464=0.5354 val_L16_beta55.0237=0.4765 val_L32_beta2=0.8362 val_L32_beta4=0.6532 val_L32_beta6.5=0.6546 val_L32_beta14.1464=0.5564 val_L32_beta55.0237=0.5090 val_total=9.5788
epoch  39  train=0.6214  val_L8_beta1=0.7264 val_L8_beta2=0.6248 val_L16_beta1=0.8491 val_L16_beta2=0.7120 val_L16_beta4=0.6387 val_L16_beta5=0.6076 val_L16_beta6.5=0.6144 val_L16_beta8=0.5297 val_L16_beta14.1464=0.5358 val_L16_beta55.0237=0.5808 val_L32_beta2=0.8938 val_L32_beta4=0.6277 val_L32_beta6.5=0.6493 val_L32_beta14.1464=0.5504 val_L32_beta55.0237=0.5874 val_total=9.7278
epoch  40  train=0.6220  val_L8_beta1=0.7730 val_L8_beta2=0.6312 val_L16_beta1=0.8283 val_L16_beta2=0.7412 val_L16_beta4=0.6539 val_L16_beta5=0.5968 val_L16_beta6.5=0.5969 val_L16_beta8=0.5303 val_L16_beta14.1464=0.5478 val_L16_beta55.0237=0.4902 val_L32_beta2=0.8688 val_L32_beta4=0.6500 val_L32_beta6.5=0.6407 val_L32_beta14.1464=0.5742 val_L32_beta55.0237=0.5324 val_total=9.6558
epoch  41  train=0.6360  val_L8_beta1=0.7439 val_L8_beta2=0.6377 val_L16_beta1=0.8079 val_L16_beta2=0.7239 val_L16_beta4=0.6535 val_L16_beta5=0.5982 val_L16_beta6.5=0.6174 val_L16_beta8=0.5297 val_L16_beta14.1464=0.5638 val_L16_beta55.0237=1.3603 val_L32_beta2=0.8381 val_L32_beta4=0.6442 val_L32_beta6.5=0.6457 val_L32_beta14.1464=0.5618 val_L32_beta55.0237=1.2687 val_total=11.1947
epoch  42  train=0.6388  val_L8_beta1=0.7711 val_L8_beta2=0.6601 val_L16_beta1=0.8062 val_L16_beta2=0.7007 val_L16_beta4=0.6619 val_L16_beta5=0.5998 val_L16_beta6.5=0.6177 val_L16_beta8=0.5343 val_L16_beta14.1464=0.5456 val_L16_beta55.0237=0.4971 val_L32_beta2=0.8143 val_L32_beta4=0.6586 val_L32_beta6.5=0.6381 val_L32_beta14.1464=0.5749 val_L32_beta55.0237=0.4875 val_total=9.5678
epoch  43  train=0.6326  val_L8_beta1=0.7432 val_L8_beta2=0.6312 val_L16_beta1=0.8217 val_L16_beta2=0.7188 val_L16_beta4=0.6329 val_L16_beta5=0.5899 val_L16_beta6.5=0.5948 val_L16_beta8=0.5145 val_L16_beta14.1464=0.5327 val_L16_beta55.0237=0.4740 val_L32_beta2=0.7998 val_L32_beta4=0.6183 val_L32_beta6.5=0.6326 val_L32_beta14.1464=0.5745 val_L32_beta55.0237=0.4551 val_total=9.3339
epoch  44  train=0.6189  val_L8_beta1=0.7483 val_L8_beta2=0.6326 val_L16_beta1=0.7992 val_L16_beta2=0.7169 val_L16_beta4=0.6495 val_L16_beta5=0.5892 val_L16_beta6.5=0.5977 val_L16_beta8=0.5187 val_L16_beta14.1464=0.5305 val_L16_beta55.0237=0.4967 val_L32_beta2=0.7978 val_L32_beta4=0.6196 val_L32_beta6.5=0.6169 val_L32_beta14.1464=0.5371 val_L32_beta55.0237=0.4636 val_total=9.3143
epoch  45  train=0.6260  val_L8_beta1=0.7754 val_L8_beta2=0.6149 val_L16_beta1=0.8236 val_L16_beta2=0.7100 val_L16_beta4=0.6578 val_L16_beta5=0.5843 val_L16_beta6.5=0.6007 val_L16_beta8=0.5194 val_L16_beta14.1464=0.5276 val_L16_beta55.0237=0.4693 val_L32_beta2=0.8189 val_L32_beta4=0.6103 val_L32_beta6.5=0.6550 val_L32_beta14.1464=0.5330 val_L32_beta55.0237=0.4526 val_total=9.3529
epoch  46  train=0.6260  val_L8_beta1=0.7629 val_L8_beta2=0.6362 val_L16_beta1=0.8141 val_L16_beta2=0.7265 val_L16_beta4=0.6547 val_L16_beta5=0.6056 val_L16_beta6.5=0.6012 val_L16_beta8=0.5219 val_L16_beta14.1464=0.5430 val_L16_beta55.0237=0.4844 val_L32_beta2=0.8541 val_L32_beta4=0.6574 val_L32_beta6.5=0.6384 val_L32_beta14.1464=0.5754 val_L32_beta55.0237=0.5088 val_total=9.5846
epoch  47  train=0.6342  val_L8_beta1=0.7545 val_L8_beta2=0.6207 val_L16_beta1=0.8094 val_L16_beta2=0.7117 val_L16_beta4=0.6544 val_L16_beta5=0.5833 val_L16_beta6.5=0.6033 val_L16_beta8=0.5365 val_L16_beta14.1464=0.5392 val_L16_beta55.0237=0.4643 val_L32_beta2=0.8067 val_L32_beta4=0.6439 val_L32_beta6.5=0.6311 val_L32_beta14.1464=0.5232 val_L32_beta55.0237=0.4485 val_total=9.3306
epoch  48  train=0.6216  val_L8_beta1=0.7683 val_L8_beta2=0.6293 val_L16_beta1=0.7962 val_L16_beta2=0.7191 val_L16_beta4=0.6410 val_L16_beta5=0.6031 val_L16_beta6.5=0.6042 val_L16_beta8=0.5185 val_L16_beta14.1464=0.5426 val_L16_beta55.0237=0.4768 val_L32_beta2=0.7851 val_L32_beta4=0.6164 val_L32_beta6.5=0.6345 val_L32_beta14.1464=0.5282 val_L32_beta55.0237=0.4613 val_total=9.3246
epoch  49  train=0.6335  val_L8_beta1=0.7467 val_L8_beta2=0.6047 val_L16_beta1=0.8403 val_L16_beta2=0.7361 val_L16_beta4=0.6408 val_L16_beta5=0.5925 val_L16_beta6.5=0.5979 val_L16_beta8=0.5233 val_L16_beta14.1464=0.5323 val_L16_beta55.0237=0.4828 val_L32_beta2=0.8151 val_L32_beta4=0.6261 val_L32_beta6.5=0.6395 val_L32_beta14.1464=0.5386 val_L32_beta55.0237=0.4566 val_total=9.3734
epoch  50  train=0.6296  val_L8_beta1=0.7787 val_L8_beta2=0.6199 val_L16_beta1=0.8253 val_L16_beta2=0.7098 val_L16_beta4=0.6511 val_L16_beta5=0.5821 val_L16_beta6.5=0.6138 val_L16_beta8=0.5368 val_L16_beta14.1464=0.5394 val_L16_beta55.0237=0.4699 val_L32_beta2=0.8157 val_L32_beta4=0.6105 val_L32_beta6.5=0.6278 val_L32_beta14.1464=0.5462 val_L32_beta55.0237=0.4644 val_total=9.3913
epoch  51  train=0.6207  val_L8_beta1=0.7591 val_L8_beta2=0.6375 val_L16_beta1=0.8103 val_L16_beta2=0.7182 val_L16_beta4=0.6470 val_L16_beta5=0.5898 val_L16_beta6.5=0.6094 val_L16_beta8=0.5258 val_L16_beta14.1464=0.5561 val_L16_beta55.0237=0.4814 val_L32_beta2=0.7745 val_L32_beta4=0.6069 val_L32_beta6.5=0.6230 val_L32_beta14.1464=0.5328 val_L32_beta55.0237=0.4497 val_total=9.3214
epoch  52  train=0.6175  val_L8_beta1=0.7657 val_L8_beta2=0.6108 val_L16_beta1=0.7749 val_L16_beta2=0.7020 val_L16_beta4=0.6445 val_L16_beta5=0.5966 val_L16_beta6.5=0.5871 val_L16_beta8=0.5116 val_L16_beta14.1464=0.5354 val_L16_beta55.0237=0.4799 val_L32_beta2=0.8224 val_L32_beta4=0.6158 val_L32_beta6.5=0.6333 val_L32_beta14.1464=0.5390 val_L32_beta55.0237=0.4520 val_total=9.2710
epoch  53  train=0.6255  val_L8_beta1=0.8156 val_L8_beta2=0.6265 val_L16_beta1=0.7913 val_L16_beta2=0.7212 val_L16_beta4=0.6572 val_L16_beta5=0.5895 val_L16_beta6.5=0.6097 val_L16_beta8=0.5212 val_L16_beta14.1464=0.5324 val_L16_beta55.0237=0.4670 val_L32_beta2=0.8190 val_L32_beta4=0.6117 val_L32_beta6.5=0.6267 val_L32_beta14.1464=0.5333 val_L32_beta55.0237=0.4521 val_total=9.3744
epoch  54  train=0.6203  val_L8_beta1=0.7737 val_L8_beta2=0.6095 val_L16_beta1=0.8188 val_L16_beta2=0.7110 val_L16_beta4=0.6424 val_L16_beta5=0.5875 val_L16_beta6.5=0.6033 val_L16_beta8=0.5378 val_L16_beta14.1464=0.5291 val_L16_beta55.0237=0.4833 val_L32_beta2=0.8011 val_L32_beta4=0.6051 val_L32_beta6.5=0.6332 val_L32_beta14.1464=0.5413 val_L32_beta55.0237=0.4624 val_total=9.3397
epoch  55  train=0.6181  val_L8_beta1=0.7557 val_L8_beta2=0.6320 val_L16_beta1=0.8115 val_L16_beta2=0.7073 val_L16_beta4=0.6362 val_L16_beta5=0.5896 val_L16_beta6.5=0.6004 val_L16_beta8=0.5123 val_L16_beta14.1464=0.5342 val_L16_beta55.0237=0.4760 val_L32_beta2=0.8022 val_L32_beta4=0.6072 val_L32_beta6.5=0.6191 val_L32_beta14.1464=0.5296 val_L32_beta55.0237=0.4578 val_total=9.2710
epoch  56  train=0.6163  val_L8_beta1=0.7789 val_L8_beta2=0.6177 val_L16_beta1=0.8215 val_L16_beta2=0.7114 val_L16_beta4=0.6535 val_L16_beta5=0.6018 val_L16_beta6.5=0.6010 val_L16_beta8=0.5204 val_L16_beta14.1464=0.5235 val_L16_beta55.0237=0.4872 val_L32_beta2=0.8019 val_L32_beta4=0.6167 val_L32_beta6.5=0.6303 val_L32_beta14.1464=0.5278 val_L32_beta55.0237=0.4619 val_total=9.3553
epoch  57  train=0.6105  val_L8_beta1=0.7702 val_L8_beta2=0.6260 val_L16_beta1=0.8167 val_L16_beta2=0.7115 val_L16_beta4=0.6402 val_L16_beta5=0.6109 val_L16_beta6.5=0.5963 val_L16_beta8=0.5278 val_L16_beta14.1464=0.5312 val_L16_beta55.0237=0.4742 val_L32_beta2=0.8057 val_L32_beta4=0.6130 val_L32_beta6.5=0.6336 val_L32_beta14.1464=0.5433 val_L32_beta55.0237=0.4470 val_total=9.3477
epoch  58  train=0.6186  val_L8_beta1=0.7610 val_L8_beta2=0.6319 val_L16_beta1=0.8153 val_L16_beta2=0.7135 val_L16_beta4=0.6352 val_L16_beta5=0.5913 val_L16_beta6.5=0.6107 val_L16_beta8=0.5085 val_L16_beta14.1464=0.5351 val_L16_beta55.0237=0.4844 val_L32_beta2=0.8216 val_L32_beta4=0.6335 val_L32_beta6.5=0.6260 val_L32_beta14.1464=0.5433 val_L32_beta55.0237=0.4587 val_total=9.3699
epoch  59  train=0.6192  val_L8_beta1=0.7639 val_L8_beta2=0.6184 val_L16_beta1=0.8019 val_L16_beta2=0.7138 val_L16_beta4=0.6385 val_L16_beta5=0.5928 val_L16_beta6.5=0.6125 val_L16_beta8=0.5232 val_L16_beta14.1464=0.5420 val_L16_beta55.0237=0.5040 val_L32_beta2=0.8289 val_L32_beta4=0.6252 val_L32_beta6.5=0.6295 val_L32_beta14.1464=0.5546 val_L32_beta55.0237=0.5139 val_total=9.4631
epoch  60  train=0.6160  val_L8_beta1=0.7957 val_L8_beta2=0.6513 val_L16_beta1=0.8399 val_L16_beta2=0.7311 val_L16_beta4=0.6323 val_L16_beta5=0.5861 val_L16_beta6.5=0.6106 val_L16_beta8=0.5185 val_L16_beta14.1464=0.5345 val_L16_beta55.0237=0.4832 val_L32_beta2=0.8287 val_L32_beta4=0.6180 val_L32_beta6.5=0.6207 val_L32_beta14.1464=0.5412 val_L32_beta55.0237=0.4553 val_total=9.4473
epoch  61  train=0.6226  val_L8_beta1=0.7896 val_L8_beta2=0.6266 val_L16_beta1=0.8182 val_L16_beta2=0.7163 val_L16_beta4=0.6466 val_L16_beta5=0.5847 val_L16_beta6.5=0.6149 val_L16_beta8=0.5079 val_L16_beta14.1464=0.5321 val_L16_beta55.0237=0.4823 val_L32_beta2=0.7977 val_L32_beta4=0.6272 val_L32_beta6.5=0.6229 val_L32_beta14.1464=0.5347 val_L32_beta55.0237=0.4499 val_total=9.3516
epoch  62  train=0.6258  val_L8_beta1=0.7548 val_L8_beta2=0.6363 val_L16_beta1=0.7846 val_L16_beta2=0.7092 val_L16_beta4=0.6508 val_L16_beta5=0.5984 val_L16_beta6.5=0.6042 val_L16_beta8=0.5329 val_L16_beta14.1464=0.5497 val_L16_beta55.0237=0.5745 val_L32_beta2=0.8366 val_L32_beta4=0.6031 val_L32_beta6.5=0.6255 val_L32_beta14.1464=0.5365 val_L32_beta55.0237=0.5524 val_total=9.5495
epoch  63  train=0.6162  val_L8_beta1=0.7577 val_L8_beta2=0.6438 val_L16_beta1=0.7942 val_L16_beta2=0.7275 val_L16_beta4=0.6479 val_L16_beta5=0.5927 val_L16_beta6.5=0.5914 val_L16_beta8=0.5191 val_L16_beta14.1464=0.5394 val_L16_beta55.0237=0.4704 val_L32_beta2=0.8639 val_L32_beta4=0.6134 val_L32_beta6.5=0.6277 val_L32_beta14.1464=0.5675 val_L32_beta55.0237=0.4958 val_total=9.4524
epoch  64  train=0.6174  val_L8_beta1=0.7463 val_L8_beta2=0.6344 val_L16_beta1=0.8049 val_L16_beta2=0.7073 val_L16_beta4=0.6409 val_L16_beta5=0.5992 val_L16_beta6.5=0.5943 val_L16_beta8=0.5278 val_L16_beta14.1464=0.5392 val_L16_beta55.0237=0.4800 val_L32_beta2=0.7943 val_L32_beta4=0.6286 val_L32_beta6.5=0.6288 val_L32_beta14.1464=0.5311 val_L32_beta55.0237=0.4433 val_total=9.3005
epoch  65  train=0.6181  val_L8_beta1=0.7462 val_L8_beta2=0.6368 val_L16_beta1=0.7958 val_L16_beta2=0.7288 val_L16_beta4=0.6420 val_L16_beta5=0.5985 val_L16_beta6.5=0.5921 val_L16_beta8=0.5218 val_L16_beta14.1464=0.5309 val_L16_beta55.0237=0.4664 val_L32_beta2=0.8022 val_L32_beta4=0.6117 val_L32_beta6.5=0.6182 val_L32_beta14.1464=0.5222 val_L32_beta55.0237=0.4504 val_total=9.2640
epoch  66  train=0.6133  val_L8_beta1=0.7874 val_L8_beta2=0.6116 val_L16_beta1=0.8407 val_L16_beta2=0.6980 val_L16_beta4=0.6319 val_L16_beta5=0.5883 val_L16_beta6.5=0.6091 val_L16_beta8=0.5231 val_L16_beta14.1464=0.5313 val_L16_beta55.0237=0.4756 val_L32_beta2=0.8046 val_L32_beta4=0.6045 val_L32_beta6.5=0.6667 val_L32_beta14.1464=0.5248 val_L32_beta55.0237=0.4561 val_total=9.3534
epoch  67  train=0.6089  val_L8_beta1=0.7588 val_L8_beta2=0.6279 val_L16_beta1=0.8512 val_L16_beta2=0.7081 val_L16_beta4=0.6503 val_L16_beta5=0.6024 val_L16_beta6.5=0.6004 val_L16_beta8=0.5113 val_L16_beta14.1464=0.5375 val_L16_beta55.0237=0.4615 val_L32_beta2=0.8079 val_L32_beta4=0.6044 val_L32_beta6.5=0.6254 val_L32_beta14.1464=0.5352 val_L32_beta55.0237=0.4527 val_total=9.3351
epoch  68  train=0.6216  val_L8_beta1=0.7302 val_L8_beta2=0.6229 val_L16_beta1=0.8321 val_L16_beta2=0.7036 val_L16_beta4=0.6526 val_L16_beta5=0.5883 val_L16_beta6.5=0.5961 val_L16_beta8=0.5033 val_L16_beta14.1464=0.5344 val_L16_beta55.0237=0.4747 val_L32_beta2=0.8051 val_L32_beta4=0.6234 val_L32_beta6.5=0.6247 val_L32_beta14.1464=0.5270 val_L32_beta55.0237=0.4541 val_total=9.2725
epoch  69  train=0.6150  val_L8_beta1=0.7544 val_L8_beta2=0.5970 val_L16_beta1=0.8301 val_L16_beta2=0.7021 val_L16_beta4=0.6394 val_L16_beta5=0.5847 val_L16_beta6.5=0.6062 val_L16_beta8=0.5319 val_L16_beta14.1464=0.5315 val_L16_beta55.0237=0.4738 val_L32_beta2=0.8249 val_L32_beta4=0.6063 val_L32_beta6.5=0.6225 val_L32_beta14.1464=0.5203 val_L32_beta55.0237=0.4572 val_total=9.2824
epoch  70  train=0.6112  val_L8_beta1=0.7744 val_L8_beta2=0.6133 val_L16_beta1=0.8157 val_L16_beta2=0.7051 val_L16_beta4=0.6417 val_L16_beta5=0.6030 val_L16_beta6.5=0.5907 val_L16_beta8=0.5117 val_L16_beta14.1464=0.5304 val_L16_beta55.0237=0.4769 val_L32_beta2=0.7865 val_L32_beta4=0.6213 val_L32_beta6.5=0.6285 val_L32_beta14.1464=0.5234 val_L32_beta55.0237=0.4508 val_total=9.2735
epoch  71  train=0.6124  val_L8_beta1=0.7904 val_L8_beta2=0.6135 val_L16_beta1=0.8046 val_L16_beta2=0.7113 val_L16_beta4=0.6404 val_L16_beta5=0.6080 val_L16_beta6.5=0.5905 val_L16_beta8=0.5217 val_L16_beta14.1464=0.5184 val_L16_beta55.0237=0.4627 val_L32_beta2=0.7960 val_L32_beta4=0.6166 val_L32_beta6.5=0.6178 val_L32_beta14.1464=0.5331 val_L32_beta55.0237=0.4436 val_total=9.2686
epoch  72  train=0.6122  val_L8_beta1=0.7468 val_L8_beta2=0.6205 val_L16_beta1=0.7917 val_L16_beta2=0.7065 val_L16_beta4=0.6411 val_L16_beta5=0.5787 val_L16_beta6.5=0.6029 val_L16_beta8=0.5239 val_L16_beta14.1464=0.5331 val_L16_beta55.0237=0.4757 val_L32_beta2=0.8094 val_L32_beta4=0.6221 val_L32_beta6.5=0.6227 val_L32_beta14.1464=0.5241 val_L32_beta55.0237=0.4558 val_total=9.2551
epoch  73  train=0.6172  val_L8_beta1=0.7778 val_L8_beta2=0.6019 val_L16_beta1=0.8213 val_L16_beta2=0.7039 val_L16_beta4=0.6518 val_L16_beta5=0.5844 val_L16_beta6.5=0.5996 val_L16_beta8=0.5119 val_L16_beta14.1464=0.5352 val_L16_beta55.0237=0.4665 val_L32_beta2=0.7779 val_L32_beta4=0.6163 val_L32_beta6.5=0.6217 val_L32_beta14.1464=0.5458 val_L32_beta55.0237=0.4402 val_total=9.2562
epoch  74  train=0.6118  val_L8_beta1=0.7462 val_L8_beta2=0.5967 val_L16_beta1=0.7939 val_L16_beta2=0.7066 val_L16_beta4=0.6471 val_L16_beta5=0.5879 val_L16_beta6.5=0.5994 val_L16_beta8=0.5230 val_L16_beta14.1464=0.5236 val_L16_beta55.0237=0.4779 val_L32_beta2=0.7842 val_L32_beta4=0.6216 val_L32_beta6.5=0.6188 val_L32_beta14.1464=0.5149 val_L32_beta55.0237=0.4403 val_total=9.1821
epoch  75  train=0.6155  val_L8_beta1=0.7571 val_L8_beta2=0.6444 val_L16_beta1=0.8267 val_L16_beta2=0.6998 val_L16_beta4=0.6400 val_L16_beta5=0.5817 val_L16_beta6.5=0.6139 val_L16_beta8=0.5182 val_L16_beta14.1464=0.5304 val_L16_beta55.0237=0.4770 val_L32_beta2=0.8201 val_L32_beta4=0.6069 val_L32_beta6.5=0.6250 val_L32_beta14.1464=0.5205 val_L32_beta55.0237=0.4382 val_total=9.2997
epoch  76  train=0.6190  val_L8_beta1=0.7786 val_L8_beta2=0.6136 val_L16_beta1=0.8051 val_L16_beta2=0.6978 val_L16_beta4=0.6400 val_L16_beta5=0.6014 val_L16_beta6.5=0.6012 val_L16_beta8=0.5254 val_L16_beta14.1464=0.5377 val_L16_beta55.0237=0.4779 val_L32_beta2=0.8157 val_L32_beta4=0.6041 val_L32_beta6.5=0.6242 val_L32_beta14.1464=0.5235 val_L32_beta55.0237=0.4399 val_total=9.2861
epoch  77  train=0.6106  val_L8_beta1=0.7538 val_L8_beta2=0.6041 val_L16_beta1=0.7948 val_L16_beta2=0.6989 val_L16_beta4=0.6477 val_L16_beta5=0.5905 val_L16_beta6.5=0.5998 val_L16_beta8=0.5158 val_L16_beta14.1464=0.5283 val_L16_beta55.0237=0.4686 val_L32_beta2=0.8130 val_L32_beta4=0.6210 val_L32_beta6.5=0.6173 val_L32_beta14.1464=0.5231 val_L32_beta55.0237=0.4479 val_total=9.2244
epoch  78  train=0.6175  val_L8_beta1=0.7750 val_L8_beta2=0.6274 val_L16_beta1=0.7935 val_L16_beta2=0.7083 val_L16_beta4=0.6443 val_L16_beta5=0.5931 val_L16_beta6.5=0.6027 val_L16_beta8=0.5135 val_L16_beta14.1464=0.5298 val_L16_beta55.0237=0.4761 val_L32_beta2=0.7796 val_L32_beta4=0.6042 val_L32_beta6.5=0.6120 val_L32_beta14.1464=0.5317 val_L32_beta55.0237=0.4460 val_total=9.2371
epoch  79  train=0.6111  val_L8_beta1=0.7853 val_L8_beta2=0.6128 val_L16_beta1=0.8009 val_L16_beta2=0.7103 val_L16_beta4=0.6341 val_L16_beta5=0.5861 val_L16_beta6.5=0.6104 val_L16_beta8=0.5117 val_L16_beta14.1464=0.5332 val_L16_beta55.0237=0.4649 val_L32_beta2=0.8428 val_L32_beta4=0.5991 val_L32_beta6.5=0.6290 val_L32_beta14.1464=0.5475 val_L32_beta55.0237=0.4382 val_total=9.3064
epoch  80  train=0.6106  val_L8_beta1=0.7642 val_L8_beta2=0.6434 val_L16_beta1=0.7979 val_L16_beta2=0.7098 val_L16_beta4=0.6285 val_L16_beta5=0.5906 val_L16_beta6.5=0.5938 val_L16_beta8=0.5189 val_L16_beta14.1464=0.5343 val_L16_beta55.0237=0.4493 val_L32_beta2=0.7982 val_L32_beta4=0.6162 val_L32_beta6.5=0.6214 val_L32_beta14.1464=0.5341 val_L32_beta55.0237=0.4402 val_total=9.2408
epoch  81  train=0.6061  val_L8_beta1=0.7895 val_L8_beta2=0.6202 val_L16_beta1=0.8251 val_L16_beta2=0.6987 val_L16_beta4=0.6441 val_L16_beta5=0.5920 val_L16_beta6.5=0.6037 val_L16_beta8=0.5307 val_L16_beta14.1464=0.5286 val_L16_beta55.0237=0.4726 val_L32_beta2=0.8046 val_L32_beta4=0.5998 val_L32_beta6.5=0.6098 val_L32_beta14.1464=0.5187 val_L32_beta55.0237=0.4497 val_total=9.2877
epoch  82  train=0.6094  val_L8_beta1=0.7447 val_L8_beta2=0.6049 val_L16_beta1=0.7933 val_L16_beta2=0.7018 val_L16_beta4=0.6467 val_L16_beta5=0.5791 val_L16_beta6.5=0.6002 val_L16_beta8=0.5276 val_L16_beta14.1464=0.5265 val_L16_beta55.0237=0.4875 val_L32_beta2=0.8137 val_L32_beta4=0.6191 val_L32_beta6.5=0.6315 val_L32_beta14.1464=0.5207 val_L32_beta55.0237=0.4398 val_total=9.2373
epoch  83  train=0.6141  val_L8_beta1=0.7715 val_L8_beta2=0.6054 val_L16_beta1=0.7913 val_L16_beta2=0.6939 val_L16_beta4=0.6401 val_L16_beta5=0.5916 val_L16_beta6.5=0.6042 val_L16_beta8=0.5142 val_L16_beta14.1464=0.5252 val_L16_beta55.0237=0.4873 val_L32_beta2=0.8096 val_L32_beta4=0.6114 val_L32_beta6.5=0.6206 val_L32_beta14.1464=0.5286 val_L32_beta55.0237=0.4409 val_total=9.2361
epoch  84  train=0.6239  val_L8_beta1=0.7509 val_L8_beta2=0.6186 val_L16_beta1=0.8069 val_L16_beta2=0.7081 val_L16_beta4=0.6376 val_L16_beta5=0.5931 val_L16_beta6.5=0.6063 val_L16_beta8=0.5190 val_L16_beta14.1464=0.5332 val_L16_beta55.0237=0.4737 val_L32_beta2=0.7996 val_L32_beta4=0.6120 val_L32_beta6.5=0.6206 val_L32_beta14.1464=0.5227 val_L32_beta55.0237=0.4421 val_total=9.2443
epoch  85  train=0.6057  val_L8_beta1=0.7506 val_L8_beta2=0.6099 val_L16_beta1=0.8070 val_L16_beta2=0.7033 val_L16_beta4=0.6419 val_L16_beta5=0.5992 val_L16_beta6.5=0.6044 val_L16_beta8=0.5144 val_L16_beta14.1464=0.5376 val_L16_beta55.0237=0.4602 val_L32_beta2=0.8198 val_L32_beta4=0.6162 val_L32_beta6.5=0.6222 val_L32_beta14.1464=0.5212 val_L32_beta55.0237=0.4495 val_total=9.2575
epoch  86  train=0.6057  val_L8_beta1=0.7449 val_L8_beta2=0.6033 val_L16_beta1=0.7881 val_L16_beta2=0.7200 val_L16_beta4=0.6458 val_L16_beta5=0.5876 val_L16_beta6.5=0.6000 val_L16_beta8=0.5156 val_L16_beta14.1464=0.5385 val_L16_beta55.0237=0.4831 val_L32_beta2=0.7894 val_L32_beta4=0.6054 val_L32_beta6.5=0.6262 val_L32_beta14.1464=0.5295 val_L32_beta55.0237=0.4343 val_total=9.2117
epoch  87  train=0.6114  val_L8_beta1=0.7441 val_L8_beta2=0.6144 val_L16_beta1=0.7984 val_L16_beta2=0.7090 val_L16_beta4=0.6397 val_L16_beta5=0.5908 val_L16_beta6.5=0.5877 val_L16_beta8=0.5068 val_L16_beta14.1464=0.5340 val_L16_beta55.0237=0.4742 val_L32_beta2=0.7943 val_L32_beta4=0.5977 val_L32_beta6.5=0.6131 val_L32_beta14.1464=0.5250 val_L32_beta55.0237=0.4459 val_total=9.1751
epoch  88  train=0.6093  val_L8_beta1=0.7673 val_L8_beta2=0.6074 val_L16_beta1=0.7898 val_L16_beta2=0.7046 val_L16_beta4=0.6311 val_L16_beta5=0.6091 val_L16_beta6.5=0.5924 val_L16_beta8=0.5131 val_L16_beta14.1464=0.5439 val_L16_beta55.0237=0.4816 val_L32_beta2=0.8064 val_L32_beta4=0.6042 val_L32_beta6.5=0.6154 val_L32_beta14.1464=0.5140 val_L32_beta55.0237=0.4460 val_total=9.2262
epoch  89  train=0.6181  val_L8_beta1=0.7146 val_L8_beta2=0.6283 val_L16_beta1=0.8220 val_L16_beta2=0.7017 val_L16_beta4=0.6496 val_L16_beta5=0.5982 val_L16_beta6.5=0.6030 val_L16_beta8=0.5146 val_L16_beta14.1464=0.5327 val_L16_beta55.0237=0.4728 val_L32_beta2=0.7869 val_L32_beta4=0.6183 val_L32_beta6.5=0.6288 val_L32_beta14.1464=0.5327 val_L32_beta55.0237=0.4453 val_total=9.2496
epoch  90  train=0.6088  val_L8_beta1=0.7625 val_L8_beta2=0.6370 val_L16_beta1=0.7932 val_L16_beta2=0.7025 val_L16_beta4=0.6573 val_L16_beta5=0.5909 val_L16_beta6.5=0.6042 val_L16_beta8=0.5186 val_L16_beta14.1464=0.5343 val_L16_beta55.0237=0.4657 val_L32_beta2=0.8002 val_L32_beta4=0.6038 val_L32_beta6.5=0.6132 val_L32_beta14.1464=0.5234 val_L32_beta55.0237=0.4397 val_total=9.2465
epoch  91  train=0.6139  val_L8_beta1=0.7415 val_L8_beta2=0.6019 val_L16_beta1=0.8032 val_L16_beta2=0.7100 val_L16_beta4=0.6450 val_L16_beta5=0.5830 val_L16_beta6.5=0.5967 val_L16_beta8=0.5141 val_L16_beta14.1464=0.5349 val_L16_beta55.0237=0.4790 val_L32_beta2=0.8062 val_L32_beta4=0.6164 val_L32_beta6.5=0.6232 val_L32_beta14.1464=0.5263 val_L32_beta55.0237=0.4401 val_total=9.2214
epoch  92  train=0.6122  val_L8_beta1=0.7569 val_L8_beta2=0.6157 val_L16_beta1=0.7934 val_L16_beta2=0.6919 val_L16_beta4=0.6383 val_L16_beta5=0.5834 val_L16_beta6.5=0.5921 val_L16_beta8=0.5201 val_L16_beta14.1464=0.5362 val_L16_beta55.0237=0.4730 val_L32_beta2=0.7818 val_L32_beta4=0.6013 val_L32_beta6.5=0.6139 val_L32_beta14.1464=0.5183 val_L32_beta55.0237=0.4566 val_total=9.1728
epoch  93  train=0.6068  val_L8_beta1=0.7764 val_L8_beta2=0.6376 val_L16_beta1=0.7987 val_L16_beta2=0.7022 val_L16_beta4=0.6430 val_L16_beta5=0.5891 val_L16_beta6.5=0.5919 val_L16_beta8=0.5213 val_L16_beta14.1464=0.5293 val_L16_beta55.0237=0.4698 val_L32_beta2=0.7919 val_L32_beta4=0.6109 val_L32_beta6.5=0.6188 val_L32_beta14.1464=0.5181 val_L32_beta55.0237=0.4406 val_total=9.2396
epoch  94  train=0.6206  val_L8_beta1=0.7797 val_L8_beta2=0.6038 val_L16_beta1=0.8072 val_L16_beta2=0.6915 val_L16_beta4=0.6397 val_L16_beta5=0.5851 val_L16_beta6.5=0.5993 val_L16_beta8=0.5115 val_L16_beta14.1464=0.5441 val_L16_beta55.0237=0.4716 val_L32_beta2=0.7968 val_L32_beta4=0.6049 val_L32_beta6.5=0.6156 val_L32_beta14.1464=0.5190 val_L32_beta55.0237=0.4395 val_total=9.2094
epoch  95  train=0.6113  val_L8_beta1=0.7676 val_L8_beta2=0.6131 val_L16_beta1=0.8309 val_L16_beta2=0.7163 val_L16_beta4=0.6435 val_L16_beta5=0.5907 val_L16_beta6.5=0.5833 val_L16_beta8=0.5011 val_L16_beta14.1464=0.5263 val_L16_beta55.0237=0.4653 val_L32_beta2=0.7971 val_L32_beta4=0.6127 val_L32_beta6.5=0.6206 val_L32_beta14.1464=0.5190 val_L32_beta55.0237=0.4489 val_total=9.2363
epoch  96  train=0.6154  val_L8_beta1=0.7589 val_L8_beta2=0.5979 val_L16_beta1=0.8253 val_L16_beta2=0.7064 val_L16_beta4=0.6374 val_L16_beta5=0.5867 val_L16_beta6.5=0.6036 val_L16_beta8=0.5188 val_L16_beta14.1464=0.5327 val_L16_beta55.0237=0.4617 val_L32_beta2=0.7840 val_L32_beta4=0.6036 val_L32_beta6.5=0.6208 val_L32_beta14.1464=0.5339 val_L32_beta55.0237=0.4533 val_total=9.2250
epoch  97  train=0.6062  val_L8_beta1=0.7633 val_L8_beta2=0.6206 val_L16_beta1=0.8017 val_L16_beta2=0.7093 val_L16_beta4=0.6531 val_L16_beta5=0.5709 val_L16_beta6.5=0.6092 val_L16_beta8=0.5226 val_L16_beta14.1464=0.5352 val_L16_beta55.0237=0.4653 val_L32_beta2=0.8176 val_L32_beta4=0.6168 val_L32_beta6.5=0.6233 val_L32_beta14.1464=0.5337 val_L32_beta55.0237=0.4432 val_total=9.2858
epoch  98  train=0.6167  val_L8_beta1=0.7608 val_L8_beta2=0.6145 val_L16_beta1=0.8252 val_L16_beta2=0.7037 val_L16_beta4=0.6548 val_L16_beta5=0.5896 val_L16_beta6.5=0.5889 val_L16_beta8=0.5053 val_L16_beta14.1464=0.5492 val_L16_beta55.0237=0.4677 val_L32_beta2=0.7882 val_L32_beta4=0.6131 val_L32_beta6.5=0.6098 val_L32_beta14.1464=0.5393 val_L32_beta55.0237=0.4353 val_total=9.2457
epoch  99  train=0.6196  val_L8_beta1=0.7663 val_L8_beta2=0.6273 val_L16_beta1=0.8082 val_L16_beta2=0.7075 val_L16_beta4=0.6440 val_L16_beta5=0.5906 val_L16_beta6.5=0.5928 val_L16_beta8=0.5200 val_L16_beta14.1464=0.5227 val_L16_beta55.0237=0.4620 val_L32_beta2=0.7949 val_L32_beta4=0.6105 val_L32_beta6.5=0.6359 val_L32_beta14.1464=0.5290 val_L32_beta55.0237=0.4393 val_total=9.2512
checkpoint: out/diffusion/demo_v3/checkpoints/score_net.pt
history:    out/diffusion/demo_v3/checkpoints/history.json
[Wed 07/15/2026 21:58:38.75] STAGE_STUDY 
20 cases, output -> out\diffusion\demo\generalization_v3
[1/20] A_bc0.25: base L=16 beta=0.25 -> L=32 beta=1.4892 (matched pair 0.25 -> 1.4892)
    generated 128 configs L=32 beta=1.4892 in 192s
    case done in 203s
[2/20] A_bc0.5: base L=16 beta=0.5 -> L=32 beta=2.02441 (matched pair 0.5 -> 2.0244)
    generated 128 configs L=32 beta=2.02441 in 186s
    case done in 196s
[3/20] A_bc0.75: base L=16 beta=0.75 -> L=32 beta=2.5435 (matched pair 0.75 -> 2.5435)
    generated 128 configs L=32 beta=2.5435 in 195s
    case done in 207s
[4/20] A_bc1: base L=16 beta=1 -> L=32 beta=3.10399 (matched pair 1 -> 3.1040)
    generated 128 configs L=32 beta=3.10399 in 237s
    case done in 248s
[5/20] A_bc2: base L=16 beta=2 -> L=32 beta=6.10518 (matched pair 2 -> 6.1052)
    generated 128 configs L=32 beta=6.10518 in 219s
    case done in 232s
[6/20] A_bc3: base L=16 beta=3 -> L=32 beta=10.015 (matched pair 3 -> 10.0150)
    generated 128 configs L=32 beta=10.015 in 202s
    case done in 214s
[7/20] A_bc4: base L=16 beta=4 -> L=32 beta=14.1464 (matched pair 4 -> 14.1464)
    generated 128 configs L=32 beta=14.1464 in 171s
    case done in 184s
[8/20] A_bc6: base L=16 beta=6 -> L=32 beta=22.3151 (matched pair 6 -> 22.3151)
    generated 128 configs L=32 beta=22.3151 in 167s
    case done in 178s
[9/20] A_bc8: base L=16 beta=8 -> L=32 beta=30.3772 (matched pair 8 -> 30.3772)
    generated 128 configs L=32 beta=30.3772 in 197s
    case done in 209s
[10/20] D_bc14.1464: base L=16 beta=14.1464 -> L=32 beta=55.0237 (matched pair 14.1464 -> 55.0237)
    generated 128 configs L=32 beta=55.0237 in 168s
    case done in 181s
[11/20] D_bc55.0237: base L=16 beta=55.0237 -> L=32 beta=218.58 (matched pair 55.0237 -> 218.5802 (beyond training range))
    generated 128 configs L=32 beta=218.58 in 191s
    case done in 200s
[12/20] B_bt6: base L=16 beta=4 -> L=32 beta=6 (mismatch: matched target is 14.1464)
    generated 128 configs L=32 beta=6 in 184s
    case done in 197s
[13/20] B_bt10: base L=16 beta=4 -> L=32 beta=10 (mismatch: matched target is 14.1464)
    generated 128 configs L=32 beta=10 in 186s
    case done in 199s
[14/20] B_bt16: base L=16 beta=4 -> L=32 beta=16 (mismatch: matched target is 14.1464)
    generated 128 configs L=32 beta=16 in 177s
    case done in 188s
[15/20] B_bt20: base L=16 beta=4 -> L=32 beta=20 (mismatch: matched target is 14.1464)
    generated 128 configs L=32 beta=20 in 201s
    case done in 213s
[16/20] B_bt30: base L=16 beta=4 -> L=32 beta=30 (mismatch: matched target is 14.1464)
    generated 128 configs L=32 beta=30 in 190s
    case done in 202s
[17/20] B_bt55.0237: base L=16 beta=4 -> L=32 beta=55.0237 (mismatch: matched target is 14.1464)
    generated 128 configs L=32 beta=55.0237 in 192s
    case done in 203s
[18/20] B_bc2_bt8: base L=16 beta=2 -> L=32 beta=8 (tree-level beta_f = 4 beta_c; matched target is 6.1052)
    generated 128 configs L=32 beta=8 in 192s
    case done in 203s
[19/20] C_L64: base L=32 beta=4 -> L=64 beta=14.1464 (size scan rung)
    generated 96 configs L=64 beta=14.1464 in 486s
    case done in 516s
[20/20] C_L128: base L=64 beta=4 -> L=128 beta=14.1464 (size scan rung)
    generated 64 configs L=128 beta=14.1464 in 1230s
    case done in 1293s
summary: out\diffusion\demo\generalization_v3\summary.json
tables:  out\diffusion\demo\generalization_v3\summary_tables.md
[Wed 07/15/2026 23:29:59.76] STAGE_FIGURES 
out\diffusion\demo\generalization_v3\fig_scaling_volume.png
out\diffusion\demo\generalization_v3\fig_scaling_coupling.png
out\diffusion\demo\generalization_v3\fig_scaling_parity.png
[Wed 07/15/2026 23:30:06.40] CHAIN_DONE 
